<?xml version="1.0" encoding="UTF-8"?>
<testsuite name="team.free.freewayscheduler.FreeWaySchedulerApplicationTests" tests="1" skipped="0" failures="0" errors="0" timestamp="2023-06-15T10:43:04" hostname="ChanWoo-MacBook.local" time="0.079">
  <properties/>
  <testcase name="contextLoads()" classname="team.free.freewayscheduler.FreeWaySchedulerApplicationTests" time="0.079"/>
  <system-out><![CDATA[19:43:02.620 [Test worker] DEBUG org.springframework.test.context.BootstrapUtils - Instantiating CacheAwareContextLoaderDelegate from class [org.springframework.test.context.cache.DefaultCacheAwareContextLoaderDelegate]
19:43:02.625 [Test worker] DEBUG org.springframework.test.context.BootstrapUtils - Instantiating BootstrapContext using constructor [public org.springframework.test.context.support.DefaultBootstrapContext(java.lang.Class,org.springframework.test.context.CacheAwareContextLoaderDelegate)]
19:43:02.639 [Test worker] DEBUG org.springframework.test.context.BootstrapUtils - Instantiating TestContextBootstrapper for test class [team.free.freewayscheduler.FreeWaySchedulerApplicationTests] from class [org.springframework.boot.test.context.SpringBootTestContextBootstrapper]
19:43:02.645 [Test worker] INFO org.springframework.boot.test.context.SpringBootTestContextBootstrapper - Neither @ContextConfiguration nor @ContextHierarchy found for test class [team.free.freewayscheduler.FreeWaySchedulerApplicationTests], using SpringBootContextLoader
19:43:02.647 [Test worker] DEBUG org.springframework.test.context.support.AbstractContextLoader - Did not detect default resource location for test class [team.free.freewayscheduler.FreeWaySchedulerApplicationTests]: class path resource [team/free/freewayscheduler/FreeWaySchedulerApplicationTests-context.xml] does not exist
19:43:02.647 [Test worker] DEBUG org.springframework.test.context.support.AbstractContextLoader - Did not detect default resource location for test class [team.free.freewayscheduler.FreeWaySchedulerApplicationTests]: class path resource [team/free/freewayscheduler/FreeWaySchedulerApplicationTestsContext.groovy] does not exist
19:43:02.647 [Test worker] INFO org.springframework.test.context.support.AbstractContextLoader - Could not detect default resource locations for test class [team.free.freewayscheduler.FreeWaySchedulerApplicationTests]: no resource found for suffixes {-context.xml, Context.groovy}.
19:43:02.647 [Test worker] INFO org.springframework.test.context.support.AnnotationConfigContextLoaderUtils - Could not detect default configuration classes for test class [team.free.freewayscheduler.FreeWaySchedulerApplicationTests]: FreeWaySchedulerApplicationTests does not declare any static, non-private, non-final, nested classes annotated with @Configuration.
19:43:02.666 [Test worker] DEBUG org.springframework.test.context.support.ActiveProfilesUtils - Could not find an 'annotation declaring class' for annotation type [org.springframework.test.context.ActiveProfiles] and class [team.free.freewayscheduler.FreeWaySchedulerApplicationTests]
19:43:02.692 [Test worker] DEBUG org.springframework.context.annotation.ClassPathScanningCandidateComponentProvider - Identified candidate component class: file [/Users/jcw/Develop/Free-Way-Scheduler/build/classes/java/main/team/free/freewayscheduler/FreeWaySchedulerApplication.class]
19:43:02.693 [Test worker] INFO org.springframework.boot.test.context.SpringBootTestContextBootstrapper - Found @SpringBootConfiguration team.free.freewayscheduler.FreeWaySchedulerApplication for test class team.free.freewayscheduler.FreeWaySchedulerApplicationTests
19:43:02.736 [Test worker] DEBUG org.springframework.boot.test.context.SpringBootTestContextBootstrapper - @TestExecutionListeners is not present for class [team.free.freewayscheduler.FreeWaySchedulerApplicationTests]: using defaults.
19:43:02.736 [Test worker] INFO org.springframework.boot.test.context.SpringBootTestContextBootstrapper - Loaded default TestExecutionListener class names from location [META-INF/spring.factories]: [org.springframework.boot.test.autoconfigure.restdocs.RestDocsTestExecutionListener, org.springframework.boot.test.autoconfigure.web.client.MockRestServiceServerResetTestExecutionListener, org.springframework.boot.test.autoconfigure.web.servlet.MockMvcPrintOnlyOnFailureTestExecutionListener, org.springframework.boot.test.autoconfigure.web.servlet.WebDriverTestExecutionListener, org.springframework.boot.test.autoconfigure.webservices.client.MockWebServiceServerTestExecutionListener, org.springframework.boot.test.mock.mockito.MockitoTestExecutionListener, org.springframework.boot.test.mock.mockito.ResetMocksTestExecutionListener, org.springframework.test.context.web.ServletTestExecutionListener, org.springframework.test.context.support.DirtiesContextBeforeModesTestExecutionListener, org.springframework.test.context.event.ApplicationEventsTestExecutionListener, org.springframework.test.context.support.DependencyInjectionTestExecutionListener, org.springframework.test.context.support.DirtiesContextTestExecutionListener, org.springframework.test.context.transaction.TransactionalTestExecutionListener, org.springframework.test.context.jdbc.SqlScriptsTestExecutionListener, org.springframework.test.context.event.EventPublishingTestExecutionListener]
19:43:02.744 [Test worker] INFO org.springframework.boot.test.context.SpringBootTestContextBootstrapper - Using TestExecutionListeners: [org.springframework.test.context.web.ServletTestExecutionListener@458342d3, org.springframework.test.context.support.DirtiesContextBeforeModesTestExecutionListener@15c25153, org.springframework.test.context.event.ApplicationEventsTestExecutionListener@1252b961, org.springframework.boot.test.mock.mockito.MockitoTestExecutionListener@9ed238c, org.springframework.boot.test.autoconfigure.SpringBootDependencyInjectionTestExecutionListener@56276db8, org.springframework.test.context.support.DirtiesContextTestExecutionListener@51e8e6e6, org.springframework.test.context.transaction.TransactionalTestExecutionListener@56f6d40b, org.springframework.test.context.jdbc.SqlScriptsTestExecutionListener@36676c1a, org.springframework.test.context.event.EventPublishingTestExecutionListener@5b408dc3, org.springframework.boot.test.autoconfigure.restdocs.RestDocsTestExecutionListener@4d098f9b, org.springframework.boot.test.autoconfigure.web.client.MockRestServiceServerResetTestExecutionListener@2dbf4cbd, org.springframework.boot.test.autoconfigure.web.servlet.MockMvcPrintOnlyOnFailureTestExecutionListener@20b5f2ac, org.springframework.boot.test.autoconfigure.web.servlet.WebDriverTestExecutionListener@7fc44dec, org.springframework.boot.test.autoconfigure.webservices.client.MockWebServiceServerTestExecutionListener@7e3060d8, org.springframework.boot.test.mock.mockito.ResetMocksTestExecutionListener@293d0107]
19:43:02.745 [Test worker] DEBUG org.springframework.test.context.support.AbstractDirtiesContextTestExecutionListener - Before test class: context [DefaultTestContext@71984c3 testClass = FreeWaySchedulerApplicationTests, testInstance = [null], testMethod = [null], testException = [null], mergedContextConfiguration = [WebMergedContextConfiguration@165b2f7f testClass = FreeWaySchedulerApplicationTests, locations = '{}', classes = '{class team.free.freewayscheduler.FreeWaySchedulerApplication}', contextInitializerClasses = '[]', activeProfiles = '{}', propertySourceLocations = '{}', propertySourceProperties = '{org.springframework.boot.test.context.SpringBootTestContextBootstrapper=true}', contextCustomizers = set[org.springframework.boot.test.autoconfigure.actuate.metrics.MetricsExportContextCustomizerFactory$DisableMetricExportContextCustomizer@1e461e41, org.springframework.boot.test.autoconfigure.properties.PropertyMappingContextCustomizer@0, org.springframework.boot.test.autoconfigure.web.servlet.WebDriverContextCustomizerFactory$Customizer@2c07545f, org.springframework.boot.test.context.filter.ExcludeFilterContextCustomizer@76f4b65, org.springframework.boot.test.json.DuplicateJsonObjectContextCustomizerFactory$DuplicateJsonObjectContextCustomizer@545b995e, org.springframework.boot.test.mock.mockito.MockitoContextCustomizer@0, org.springframework.boot.test.web.client.TestRestTemplateContextCustomizer@2b76ff4e, org.springframework.boot.test.context.SpringBootTestArgs@1, org.springframework.boot.test.context.SpringBootTestWebEnvironment@d6e7bab], resourceBasePath = 'src/main/webapp', contextLoader = 'org.springframework.boot.test.context.SpringBootContextLoader', parent = [null]], attributes = map['org.springframework.test.context.web.ServletTestExecutionListener.activateListener' -> true]], class annotated with @DirtiesContext [false] with mode [null].

  .   ____          _            __ _ _
 /\\ / ___'_ __ _ _(_)_ __  __ _ \ \ \ \
( ( )\___ | '_ | '_| | '_ \/ _` | \ \ \ \
 \\/  ___)| |_)| | | | | || (_| |  ) ) ) )
  '  |____| .__|_| |_|_| |_\__, | / / / /
 =========|_|==============|___/=/_/_/_/
 :: Spring Boot ::               (v2.7.12)

2023-06-15 19:43:02.938  INFO 69162 --- [    Test worker] t.f.f.FreeWaySchedulerApplicationTests   : Starting FreeWaySchedulerApplicationTests using Java 17.0.7 on ChanWoo-MacBook.local with PID 69162 (started by jcw in /Users/jcw/Develop/Free-Way-Scheduler)
2023-06-15 19:43:02.938  INFO 69162 --- [    Test worker] t.f.f.FreeWaySchedulerApplicationTests   : No active profile set, falling back to 1 default profile: "default"
2023-06-15 19:43:03.201  INFO 69162 --- [    Test worker] .s.d.r.c.RepositoryConfigurationDelegate : Bootstrapping Spring Data JPA repositories in DEFAULT mode.
2023-06-15 19:43:03.228  INFO 69162 --- [    Test worker] .s.d.r.c.RepositoryConfigurationDelegate : Finished Spring Data repository scanning in 20 ms. Found 1 JPA repository interfaces.
2023-06-15 19:43:03.468  INFO 69162 --- [    Test worker] com.zaxxer.hikari.HikariDataSource       : HikariPool-1 - Starting...
2023-06-15 19:43:03.588  INFO 69162 --- [    Test worker] com.zaxxer.hikari.HikariDataSource       : HikariPool-1 - Start completed.
2023-06-15 19:43:03.627  INFO 69162 --- [    Test worker] o.hibernate.jpa.internal.util.LogHelper  : HHH000204: Processing PersistenceUnitInfo [name: default]
2023-06-15 19:43:03.651  INFO 69162 --- [    Test worker] org.hibernate.Version                    : HHH000412: Hibernate ORM core version 5.6.15.Final
2023-06-15 19:43:03.733  INFO 69162 --- [    Test worker] o.hibernate.annotations.common.Version   : HCANN000001: Hibernate Commons Annotations {5.1.2.Final}
2023-06-15 19:43:03.800  INFO 69162 --- [    Test worker] org.hibernate.dialect.Dialect            : HHH000400: Using dialect: org.hibernate.dialect.H2Dialect
2023-06-15 19:43:04.043  INFO 69162 --- [    Test worker] o.h.e.t.j.p.i.JtaPlatformInitiator       : HHH000490: Using JtaPlatform implementation: [org.hibernate.engine.transaction.jta.platform.internal.NoJtaPlatform]
2023-06-15 19:43:04.048  INFO 69162 --- [    Test worker] j.LocalContainerEntityManagerFactoryBean : Initialized JPA EntityManagerFactory for persistence unit 'default'
2023-06-15 19:43:04.373  WARN 69162 --- [    Test worker] JpaBaseConfiguration$JpaWebConfiguration : spring.jpa.open-in-view is enabled by default. Therefore, database queries may be performed during view rendering. Explicitly configure spring.jpa.open-in-view to disable this warning
2023-06-15 19:43:04.629  INFO 69162 --- [    Test worker] t.f.f.FreeWaySchedulerApplicationTests   : Started FreeWaySchedulerApplicationTests in 1.863 seconds (JVM running for 2.387)
]]></system-out>
  <system-err><![CDATA[]]></system-err>
</testsuite>
